<?xml version="1.0" encoding="UTF-8"?>
<!-- Generated by org.testng.reporters.JUnitReportReporter -->
<testsuite hostname="LAPTOP-V9DUL7Q0" failures="0" tests="1" name="SeleniumInterviewQuestions.TimeOutTestCase_25" time="2.021" errors="1" timestamp="2023-08-14T19:07:31 IST" skipped="0">
  <testcase classname="SeleniumInterviewQuestions.TimeOutTestCase_25" name="testcase1" time="2.021">
    <error message="Method SeleniumInterviewQuestions.TimeOutTestCase_25.testcase1() didn&#039;t finish within the time-out 2000" type="org.testng.internal.thread.ThreadTimeoutException">
      <![CDATA[org.testng.internal.thread.ThreadTimeoutException: Method SeleniumInterviewQuestions.TimeOutTestCase_25.testcase1() didn't finish within the time-out 2000
at java.base@17.0.8/java.lang.Thread.sleep(Native Method)
at app//SeleniumInterviewQuestions.TimeOutTestCase_25.testcase1(TimeOutTestCase_25.java:10)
at java.base@17.0.8/jdk.internal.reflect.NativeMethodAccessorImpl.invoke0(Native Method)
at java.base@17.0.8/jdk.internal.reflect.NativeMethodAccessorImpl.invoke(NativeMethodAccessorImpl.java:77)
at java.base@17.0.8/jdk.internal.reflect.DelegatingMethodAccessorImpl.invoke(DelegatingMethodAccessorImpl.java:43)
at java.base@17.0.8/java.lang.reflect.Method.invoke(Method.java:568)
at app//org.testng.internal.invokers.MethodInvocationHelper.invokeMethod(MethodInvocationHelper.java:139)
at app//org.testng.internal.invokers.InvokeMethodRunnable.runOne(InvokeMethodRunnable.java:47)
at app//org.testng.internal.invokers.InvokeMethodRunnable.call(InvokeMethodRunnable.java:76)
at app//org.testng.internal.invokers.InvokeMethodRunnable.call(InvokeMethodRunnable.java:11)
at java.base@17.0.8/java.util.concurrent.FutureTask.run(FutureTask.java:264)
at java.base@17.0.8/java.util.concurrent.ThreadPoolExecutor.runWorker(ThreadPoolExecutor.java:1136)
at java.base@17.0.8/java.util.concurrent.ThreadPoolExecutor$Worker.run(ThreadPoolExecutor.java:635)
at java.base@17.0.8/java.lang.Thread.run(Thread.java:833)
]]>
    </error>
  </testcase> <!-- testcase1 -->
</testsuite> <!-- SeleniumInterviewQuestions.TimeOutTestCase_25 -->
